imooc/build/outputs/logs/manifest-merger-debug-report.txt
-- Merging decision tree log ---
manifest
ADDED from imooc_demo/imooc/AndroidManifest.xml:2:1-37:12
	xmlns:android
		ADDED from imooc_demo/imooc/AndroidManifest.xml:2:11-69
	package
		ADDED from imooc_demo/imooc/AndroidManifest.xml:3:5-24
	android:versionName
		ADDED from imooc_demo/imooc/AndroidManifest.xml:5:5-30
	android:versionCode
		ADDED from imooc_demo/imooc/AndroidManifest.xml:4:5-28
		INJECTED from imooc_demo/imooc/AndroidManifest.xml
		INJECTED from imooc_demo/imooc/AndroidManifest.xml
uses-sdk
ADDED from imooc_demo/imooc/AndroidManifest.xml:7:5-9:41
	android:targetSdkVersion
		ADDED from imooc_demo/imooc/AndroidManifest.xml:9:9-38
	android:minSdkVersion
		ADDED from imooc_demo/imooc/AndroidManifest.xml:8:9-35
uses-permission#android.permission.INTERNET
ADDED from imooc_demo/imooc/AndroidManifest.xml:11:5-67
	android:name
		ADDED from imooc_demo/imooc/AndroidManifest.xml:11:22-64
application
ADDED from imooc_demo/imooc/AndroidManifest.xml:13:5-35:19
	android:label
		ADDED from imooc_demo/imooc/AndroidManifest.xml:16:9-41
	android:allowBackup
		ADDED from imooc_demo/imooc/AndroidManifest.xml:14:9-35
	android:icon
		ADDED from imooc_demo/imooc/AndroidManifest.xml:15:9-44
	android:theme
		ADDED from imooc_demo/imooc/AndroidManifest.xml:17:9-45
activity#com.imooc.MainActivity
ADDED from imooc_demo/imooc/AndroidManifest.xml:18:9-28:20
	android:windowSoftInputMode
		ADDED from imooc_demo/imooc/AndroidManifest.xml:22:13-55
	android:configChanges
		ADDED from imooc_demo/imooc/AndroidManifest.xml:20:13-90
	android:name
		ADDED from imooc_demo/imooc/AndroidManifest.xml:19:13-50
	android:launchMode
		ADDED from imooc_demo/imooc/AndroidManifest.xml:21:13-43
intent-filter#android.intent.action.MAIN+android.intent.category.LAUNCHER
ADDED from imooc_demo/imooc/AndroidManifest.xml:23:13-27:29
action#android.intent.action.MAIN
ADDED from imooc_demo/imooc/AndroidManifest.xml:24:17-69
	android:name
		ADDED from imooc_demo/imooc/AndroidManifest.xml:24:25-66
category#android.intent.category.LAUNCHER
ADDED from imooc_demo/imooc/AndroidManifest.xml:26:17-77
	android:name
		ADDED from imooc_demo/imooc/AndroidManifest.xml:26:27-74
activity#com.imooc.TreeViewActivity
ADDED from imooc_demo/imooc/AndroidManifest.xml:29:9-30:20
	android:name
		ADDED from imooc_demo/imooc/AndroidManifest.xml:29:19-60
activity#com.imooc.QQSlidingMenuActivity
ADDED from imooc_demo/imooc/AndroidManifest.xml:31:9-32:20
	android:name
		ADDED from imooc_demo/imooc/AndroidManifest.xml:31:19-65
activity#com.imooc.MoooActivity
ADDED from imooc_demo/imooc/AndroidManifest.xml:33:9-34:20
	android:name
		ADDED from imooc_demo/imooc/AndroidManifest.xml:33:19-56